<?xml version="1.0" encoding="UTF-8"?>
<testng-results skipped="0" failed="0" ignored="0" total="1" passed="1">
  <reporter-output>
  </reporter-output>
  <suite name="Default suite" duration-ms="11517" started-at="2019-12-29T11:38:48Z" finished-at="2019-12-29T11:39:00Z">
    <groups>
    </groups>
    <test name="Default test" duration-ms="11517" started-at="2019-12-29T11:38:48Z" finished-at="2019-12-29T11:39:00Z">
      <class name="hadelesBrawoser.HeadLessBrawoser">
        <test-method status="PASS" signature="HadlesTest()[pri:0, instance:hadelesBrawoser.HeadLessBrawoser@42607a4f]" name="HadlesTest" duration-ms="11483" started-at="2019-12-29T11:38:48Z" finished-at="2019-12-29T11:39:00Z">
          <reporter-output>
          </reporter-output>
        </test-method> <!-- HadlesTest -->
      </class> <!-- hadelesBrawoser.HeadLessBrawoser -->
    </test> <!-- Default test -->
  </suite> <!-- Default suite -->
</testng-results>
